e:\funk\hsmodem\hsmodem\release\vc140.pdb
e:\funk\hsmodem\hsmodem\release\voiceprocessor.obj
e:\funk\hsmodem\hsmodem\release\udp.obj
e:\funk\hsmodem\hsmodem\release\symboltracker.obj
e:\funk\hsmodem\hsmodem\release\speed.obj
e:\funk\hsmodem\hsmodem\release\scrambler.obj
e:\funk\hsmodem\hsmodem\release\main_helper.obj
e:\funk\hsmodem\hsmodem\release\liquid_if.obj
e:\funk\hsmodem\hsmodem\release\hsmodem.obj
e:\funk\hsmodem\hsmodem\release\frame_packer.obj
e:\funk\hsmodem\hsmodem\release\fft.obj
e:\funk\hsmodem\hsmodem\release\fec.obj
e:\funk\hsmodem\hsmodem\release\crc16.obj
e:\funk\hsmodem\hsmodem\release\constellation.obj
e:\funk\hsmodem\hsmodem\release\codec2.obj
e:\funk\hsmodem\hsmodem\release\audio_wasapi.obj
e:\funk\hsmodem\hsmodem\release\audio_voice_wasapi.obj
e:\funk\hsmodem\hsmodem\release\audio_voice.obj
e:\funk\hsmodem\hsmodem\release\audio.obj
e:\funk\hsmodem\winrelease\hsmodem.exe
e:\funk\hsmodem\winrelease\hsmodem.pdb
e:\funk\hsmodem\hsmodem\..\winrelease\hsmodem.exe
e:\funk\hsmodem\hsmodem\release\hsmodem.tlog\cl.command.1.tlog
e:\funk\hsmodem\hsmodem\release\hsmodem.tlog\cl.read.1.tlog
e:\funk\hsmodem\hsmodem\release\hsmodem.tlog\cl.write.1.tlog
e:\funk\hsmodem\hsmodem\release\hsmodem.tlog\link.command.1.tlog
e:\funk\hsmodem\hsmodem\release\hsmodem.tlog\link.read.1.tlog
e:\funk\hsmodem\hsmodem\release\hsmodem.tlog\link.write.1.tlog
