  announcement.cpp
  codec2.cpp
  constellation.cpp
  crc16.cpp
  fec.cpp
  fft.cpp
  fifo.cpp
  fifo_voice.cpp
  frame_packer.cpp
  hsmodem.cpp
  liquid_if.cpp
  main_helper.cpp
  scrambler.cpp
  soundio.cpp
  speed.cpp
  symboltracker.cpp
  tuning.cpp
  udp.cpp
  voiceio.cpp
  voiceprocessor.cpp
  Code wird generiert.
  All 602 functions were compiled because no usable IPDB/IOBJ from previous compilation was found.
  Codegenerierung ist abgeschlossen.
  hsmodem.vcxproj -> E:\funk\hsmodem\hsmodem\..\WinRelease\hsmodem.exe
