e:\funk\hsmodem\hsmodem\debug\vc140.pdb
e:\funk\hsmodem\hsmodem\debug\vc140.idb
e:\funk\hsmodem\hsmodem\debug\audio.obj
e:\funk\hsmodem\hsmodem\debug\audio_voice.obj
e:\funk\hsmodem\hsmodem\debug\audio_voice_wasapi.obj
e:\funk\hsmodem\hsmodem\debug\audio_wasapi.obj
e:\funk\hsmodem\hsmodem\debug\codec2.obj
e:\funk\hsmodem\hsmodem\debug\constellation.obj
e:\funk\hsmodem\hsmodem\debug\crc16.obj
e:\funk\hsmodem\hsmodem\debug\fec.obj
e:\funk\hsmodem\hsmodem\debug\fft.obj
e:\funk\hsmodem\hsmodem\debug\frame_packer.obj
e:\funk\hsmodem\hsmodem\debug\hsmodem.obj
e:\funk\hsmodem\hsmodem\debug\liquid_if.obj
e:\funk\hsmodem\hsmodem\debug\main_helper.obj
e:\funk\hsmodem\hsmodem\debug\scrambler.obj
e:\funk\hsmodem\hsmodem\debug\speed.obj
e:\funk\hsmodem\hsmodem\debug\symboltracker.obj
e:\funk\hsmodem\hsmodem\debug\udp.obj
e:\funk\hsmodem\hsmodem\debug\voiceprocessor.obj
e:\funk\hsmodem\debug\hsmodem.ilk
e:\funk\hsmodem\debug\hsmodem.exe
e:\funk\hsmodem\debug\hsmodem.pdb
e:\funk\hsmodem\hsmodem\debug\hsmodem.tlog\cl.command.1.tlog
e:\funk\hsmodem\hsmodem\debug\hsmodem.tlog\cl.read.1.tlog
e:\funk\hsmodem\hsmodem\debug\hsmodem.tlog\cl.write.1.tlog
e:\funk\hsmodem\hsmodem\debug\hsmodem.tlog\link.command.1.tlog
e:\funk\hsmodem\hsmodem\debug\hsmodem.tlog\link.read.1.tlog
e:\funk\hsmodem\hsmodem\debug\hsmodem.tlog\link.write.1.tlog
